INFO:tensorflow:Writing example 0 of 100
I1129 15:28:13.981387 139787587102528 classifier_utils.py:698] Writing example 0 of 100
INFO:tensorflow:*** Example ***
I1129 15:28:13.981812 139787587102528 classifier_utils.py:672] *** Example ***
INFO:tensorflow:guid: 0
I1129 15:28:13.981870 139787587102528 classifier_utils.py:673] guid: 0
INFO:tensorflow:tokens: [CLS] 较 便 宜 云 大 附 近 很 多 店 应 该 有 竞 争 价 格 会 下 来 一 点 的 吧 给 推 荐 个 云 大 附 近 的 吧 谢 谢 [SEP] 去 了 就 能 看 到 比 如 云 光 什 么 的 [SEP]
I1129 15:28:13.981924 139787587102528 classifier_utils.py:675] tokens: [CLS] 较 便 宜 云 大 附 近 很 多 店 应 该 有 竞 争 价 格 会 下 来 一 点 的 吧 给 推 荐 个 云 大 附 近 的 吧 谢 谢 [SEP] 去 了 就 能 看 到 比 如 云 光 什 么 的 [SEP]
INFO:tensorflow:input_ids: 101 6772 912 2139 756 1920 7353 6818 2523 1914 2421 2418 6421 3300 4993 751 817 3419 833 678 3341 671 4157 4638 1416 5314 2972 5773 702 756 1920 7353 6818 4638 1416 6468 6468 102 1343 749 2218 5543 4692 1168 3683 1963 756 1045 784 720 4638 102
I1129 15:28:13.981975 139787587102528 classifier_utils.py:676] input_ids: 101 6772 912 2139 756 1920 7353 6818 2523 1914 2421 2418 6421 3300 4993 751 817 3419 833 678 3341 671 4157 4638 1416 5314 2972 5773 702 756 1920 7353 6818 4638 1416 6468 6468 102 1343 749 2218 5543 4692 1168 3683 1963 756 1045 784 720 4638 102
INFO:tensorflow:input_mask: 1 1 1 1 1 1 1 1 1 1 1 1 1 1 1 1 1 1 1 1 1 1 1 1 1 1 1 1 1 1 1 1 1 1 1 1 1 1 1 1 1 1 1 1 1 1 1 1 1 1 1 1
I1129 15:28:13.982026 139787587102528 classifier_utils.py:677] input_mask: 1 1 1 1 1 1 1 1 1 1 1 1 1 1 1 1 1 1 1 1 1 1 1 1 1 1 1 1 1 1 1 1 1 1 1 1 1 1 1 1 1 1 1 1 1 1 1 1 1 1 1 1
INFO:tensorflow:segment_ids: 0 0 0 0 0 0 0 0 0 0 0 0 0 0 0 0 0 0 0 0 0 0 0 0 0 0 0 0 0 0 0 0 0 0 0 0 0 0 1 1 1 1 1 1 1 1 1 1 1 1 1 1
I1129 15:28:13.982074 139787587102528 classifier_utils.py:678] segment_ids: 0 0 0 0 0 0 0 0 0 0 0 0 0 0 0 0 0 0 0 0 0 0 0 0 0 0 0 0 0 0 0 0 0 0 0 0 0 0 1 1 1 1 1 1 1 1 1 1 1 1 1 1
INFO:tensorflow:label: 1 (id = 1)
I1129 15:28:13.982112 139787587102528 classifier_utils.py:679] label: 1 (id = 1)
INFO:tensorflow:*** Example ***
I1129 15:28:13.982645 139787587102528 classifier_utils.py:672] *** Example ***
INFO:tensorflow:guid: 1
I1129 15:28:13.982698 139787587102528 classifier_utils.py:673] guid: 1
INFO:tensorflow:tokens: [CLS] 下 来 一 点 的 吧 给 推 荐 个 云 大 附 近 的 吧 谢 谢 [SEP] 你 的 他 毕 竟 还 是 说 了 我 的 完 全 没 有 任 何 消 息 我 伤 害 了 他 于 是 15 天 没 消 息 [SEP]
I1129 15:28:13.982749 139787587102528 classifier_utils.py:675] tokens: [CLS] 下 来 一 点 的 吧 给 推 荐 个 云 大 附 近 的 吧 谢 谢 [SEP] 你 的 他 毕 竟 还 是 说 了 我 的 完 全 没 有 任 何 消 息 我 伤 害 了 他 于 是 15 天 没 消 息 [SEP]
INFO:tensorflow:input_ids: 101 678 3341 671 4157 4638 1416 5314 2972 5773 702 756 1920 7353 6818 4638 1416 6468 6468 102 872 4638 800 3684 4994 6820 3221 6432 749 2769 4638 2130 1059 3766 3300 818 862 3867 2622 2769 839 2154 749 800 754 3221 8115 1921 3766 3867 2622 102
I1129 15:28:13.982797 139787587102528 classifier_utils.py:676] input_ids: 101 678 3341 671 4157 4638 1416 5314 2972 5773 702 756 1920 7353 6818 4638 1416 6468 6468 102 872 4638 800 3684 4994 6820 3221 6432 749 2769 4638 2130 1059 3766 3300 818 862 3867 2622 2769 839 2154 749 800 754 3221 8115 1921 3766 3867 2622 102
INFO:tensorflow:input_mask: 1 1 1 1 1 1 1 1 1 1 1 1 1 1 1 1 1 1 1 1 1 1 1 1 1 1 1 1 1 1 1 1 1 1 1 1 1 1 1 1 1 1 1 1 1 1 1 1 1 1 1 1
I1129 15:28:13.982842 139787587102528 classifier_utils.py:677] input_mask: 1 1 1 1 1 1 1 1 1 1 1 1 1 1 1 1 1 1 1 1 1 1 1 1 1 1 1 1 1 1 1 1 1 1 1 1 1 1 1 1 1 1 1 1 1 1 1 1 1 1 1 1
INFO:tensorflow:segment_ids: 0 0 0 0 0 0 0 0 0 0 0 0 0 0 0 0 0 0 0 0 1 1 1 1 1 1 1 1 1 1 1 1 1 1 1 1 1 1 1 1 1 1 1 1 1 1 1 1 1 1 1 1
I1129 15:28:13.982886 139787587102528 classifier_utils.py:678] segment_ids: 0 0 0 0 0 0 0 0 0 0 0 0 0 0 0 0 0 0 0 0 1 1 1 1 1 1 1 1 1 1 1 1 1 1 1 1 1 1 1 1 1 1 1 1 1 1 1 1 1 1 1 1
INFO:tensorflow:label: 0 (id = 0)
I1129 15:28:13.982926 139787587102528 classifier_utils.py:679] label: 0 (id = 0)
INFO:tensorflow:*** Example ***
I1129 15:28:13.983288 139787587102528 classifier_utils.py:672] *** Example ***
INFO:tensorflow:guid: 2
I1129 15:28:13.983338 139787587102528 classifier_utils.py:673] guid: 2
INFO:tensorflow:tokens: [CLS] 看 原 版 英 文 电 影 学 纯 正 英 语 大 爱 老 友 记 反 复 看 了 好 多 次 了 一 样 光 盘 都 快 被 我 看 花 了 [SEP] 那 你 现 在 的 英 语 应 该 不 错 了 [SEP]
I1129 15:28:13.983388 139787587102528 classifier_utils.py:675] tokens: [CLS] 看 原 版 英 文 电 影 学 纯 正 英 语 大 爱 老 友 记 反 复 看 了 好 多 次 了 一 样 光 盘 都 快 被 我 看 花 了 [SEP] 那 你 现 在 的 英 语 应 该 不 错 了 [SEP]
INFO:tensorflow:input_ids: 101 4692 1333 4276 5739 3152 4510 2512 2110 5283 3633 5739 6427 1920 4263 5439 1351 6381 1353 1908 4692 749 1962 1914 3613 749 671 3416 1045 4669 6963 2571 6158 2769 4692 5709 749 102 6929 872 4385 1762 4638 5739 6427 2418 6421 679 7231 749 102 0
I1129 15:28:13.983436 139787587102528 classifier_utils.py:676] input_ids: 101 4692 1333 4276 5739 3152 4510 2512 2110 5283 3633 5739 6427 1920 4263 5439 1351 6381 1353 1908 4692 749 1962 1914 3613 749 671 3416 1045 4669 6963 2571 6158 2769 4692 5709 749 102 6929 872 4385 1762 4638 5739 6427 2418 6421 679 7231 749 102 0
INFO:tensorflow:input_mask: 1 1 1 1 1 1 1 1 1 1 1 1 1 1 1 1 1 1 1 1 1 1 1 1 1 1 1 1 1 1 1 1 1 1 1 1 1 1 1 1 1 1 1 1 1 1 1 1 1 1 1 0
I1129 15:28:13.983481 139787587102528 classifier_utils.py:677] input_mask: 1 1 1 1 1 1 1 1 1 1 1 1 1 1 1 1 1 1 1 1 1 1 1 1 1 1 1 1 1 1 1 1 1 1 1 1 1 1 1 1 1 1 1 1 1 1 1 1 1 1 1 0
INFO:tensorflow:segment_ids: 0 0 0 0 0 0 0 0 0 0 0 0 0 0 0 0 0 0 0 0 0 0 0 0 0 0 0 0 0 0 0 0 0 0 0 0 0 0 1 1 1 1 1 1 1 1 1 1 1 1 1 0
I1129 15:28:13.983525 139787587102528 classifier_utils.py:678] segment_ids: 0 0 0 0 0 0 0 0 0 0 0 0 0 0 0 0 0 0 0 0 0 0 0 0 0 0 0 0 0 0 0 0 0 0 0 0 0 0 1 1 1 1 1 1 1 1 1 1 1 1 1 0
INFO:tensorflow:label: 1 (id = 1)
I1129 15:28:13.983561 139787587102528 classifier_utils.py:679] label: 1 (id = 1)
INFO:tensorflow:*** Example ***
I1129 15:28:13.984069 139787587102528 classifier_utils.py:672] *** Example ***
INFO:tensorflow:guid: 3
I1129 15:28:13.984120 139787587102528 classifier_utils.py:673] guid: 3
INFO:tensorflow:tokens: [CLS] 看 花 了 [SEP] 我 也 想 知 道 啊 感 觉 暧 昧 的 时 候 很 大 胆 真 正 在 一 起 后 怎 么 小 心 翼 翼 的 了 是 不 是 闷 葫 芦 了 我 月 鱼 金 秤 我 不 懂 啊 [SEP]
I1129 15:28:13.984170 139787587102528 classifier_utils.py:675] tokens: [CLS] 看 花 了 [SEP] 我 也 想 知 道 啊 感 觉 暧 昧 的 时 候 很 大 胆 真 正 在 一 起 后 怎 么 小 心 翼 翼 的 了 是 不 是 闷 葫 芦 了 我 月 鱼 金 秤 我 不 懂 啊 [SEP]
INFO:tensorflow:input_ids: 101 4692 5709 749 102 2769 738 2682 4761 6887 1557 2697 6230 3269 3218 4638 3198 952 2523 1920 5519 4696 3633 1762 671 6629 1400 2582 720 2207 2552 5437 5437 4638 749 3221 679 3221 7315 5872 5701 749 2769 3299 7824 7032 4911 2769 679 2743 1557 102
I1129 15:28:13.984217 139787587102528 classifier_utils.py:676] input_ids: 101 4692 5709 749 102 2769 738 2682 4761 6887 1557 2697 6230 3269 3218 4638 3198 952 2523 1920 5519 4696 3633 1762 671 6629 1400 2582 720 2207 2552 5437 5437 4638 749 3221 679 3221 7315 5872 5701 749 2769 3299 7824 7032 4911 2769 679 2743 1557 102
INFO:tensorflow:input_mask: 1 1 1 1 1 1 1 1 1 1 1 1 1 1 1 1 1 1 1 1 1 1 1 1 1 1 1 1 1 1 1 1 1 1 1 1 1 1 1 1 1 1 1 1 1 1 1 1 1 1 1 1
I1129 15:28:13.984261 139787587102528 classifier_utils.py:677] input_mask: 1 1 1 1 1 1 1 1 1 1 1 1 1 1 1 1 1 1 1 1 1 1 1 1 1 1 1 1 1 1 1 1 1 1 1 1 1 1 1 1 1 1 1 1 1 1 1 1 1 1 1 1
INFO:tensorflow:segment_ids: 0 0 0 0 0 1 1 1 1 1 1 1 1 1 1 1 1 1 1 1 1 1 1 1 1 1 1 1 1 1 1 1 1 1 1 1 1 1 1 1 1 1 1 1 1 1 1 1 1 1 1 1
I1129 15:28:13.984305 139787587102528 classifier_utils.py:678] segment_ids: 0 0 0 0 0 1 1 1 1 1 1 1 1 1 1 1 1 1 1 1 1 1 1 1 1 1 1 1 1 1 1 1 1 1 1 1 1 1 1 1 1 1 1 1 1 1 1 1 1 1 1 1
INFO:tensorflow:label: 0 (id = 0)
I1129 15:28:13.984344 139787587102528 classifier_utils.py:679] label: 0 (id = 0)
INFO:tensorflow:*** Example ***
I1129 15:28:13.984880 139787587102528 classifier_utils.py:672] *** Example ***
INFO:tensorflow:guid: 4
I1129 15:28:13.984932 139787587102528 classifier_utils.py:673] guid: 4
INFO:tensorflow:tokens: [CLS] 放 的 字 样 呢 是 不 是 还 需 要 另 外 下 载 播 放 器 求 解 g ##ra ##cia ##s [SEP] 下 载 了 ft ##v 播 放 器 后 还 是 不 能 看 怎 么 办 好 像 真 的 不 能 看 啊 [SEP]
I1129 15:28:13.984983 139787587102528 classifier_utils.py:675] tokens: [CLS] 放 的 字 样 呢 是 不 是 还 需 要 另 外 下 载 播 放 器 求 解 g ##ra ##cia ##s [SEP] 下 载 了 ft ##v 播 放 器 后 还 是 不 能 看 怎 么 办 好 像 真 的 不 能 看 啊 [SEP]
INFO:tensorflow:input_ids: 101 3123 4638 2099 3416 1450 3221 679 3221 6820 7444 6206 1369 1912 678 6770 3064 3123 1690 3724 6237 149 8332 12382 8118 102 678 6770 749 12180 8225 3064 3123 1690 1400 6820 3221 679 5543 4692 2582 720 1215 1962 1008 4696 4638 679 5543 4692 1557 102
I1129 15:28:13.985030 139787587102528 classifier_utils.py:676] input_ids: 101 3123 4638 2099 3416 1450 3221 679 3221 6820 7444 6206 1369 1912 678 6770 3064 3123 1690 3724 6237 149 8332 12382 8118 102 678 6770 749 12180 8225 3064 3123 1690 1400 6820 3221 679 5543 4692 2582 720 1215 1962 1008 4696 4638 679 5543 4692 1557 102
INFO:tensorflow:input_mask: 1 1 1 1 1 1 1 1 1 1 1 1 1 1 1 1 1 1 1 1 1 1 1 1 1 1 1 1 1 1 1 1 1 1 1 1 1 1 1 1 1 1 1 1 1 1 1 1 1 1 1 1
I1129 15:28:13.985075 139787587102528 classifier_utils.py:677] input_mask: 1 1 1 1 1 1 1 1 1 1 1 1 1 1 1 1 1 1 1 1 1 1 1 1 1 1 1 1 1 1 1 1 1 1 1 1 1 1 1 1 1 1 1 1 1 1 1 1 1 1 1 1
INFO:tensorflow:segment_ids: 0 0 0 0 0 0 0 0 0 0 0 0 0 0 0 0 0 0 0 0 0 0 0 0 0 0 1 1 1 1 1 1 1 1 1 1 1 1 1 1 1 1 1 1 1 1 1 1 1 1 1 1
I1129 15:28:13.985118 139787587102528 classifier_utils.py:678] segment_ids: 0 0 0 0 0 0 0 0 0 0 0 0 0 0 0 0 0 0 0 0 0 0 0 0 0 0 1 1 1 1 1 1 1 1 1 1 1 1 1 1 1 1 1 1 1 1 1 1 1 1 1 1
INFO:tensorflow:label: 1 (id = 1)
I1129 15:28:13.985154 139787587102528 classifier_utils.py:679] label: 1 (id = 1)
INFO:tensorflow:Writing example 0 of 100
I1129 15:28:14.060944 139787587102528 classifier_utils.py:698] Writing example 0 of 100
INFO:tensorflow:*** Example ***
I1129 15:28:14.062594 139787587102528 classifier_utils.py:672] *** Example ***
INFO:tensorflow:guid: 0
I1129 15:28:14.062649 139787587102528 classifier_utils.py:673] guid: 0
INFO:tensorflow:tokens: [CLS] 看 到 我 时 一 度 质 疑 我 ex 的 审 美 不 过 那 时 候 我 还 是 高 中 生 [SEP] 耐 心 的 双 鱼 还 好 点 但 是 八 竿 子 打 不 出 来 一 句 话 那 就 悲 剧 了 [SEP]
I1129 15:28:14.062701 139787587102528 classifier_utils.py:675] tokens: [CLS] 看 到 我 时 一 度 质 疑 我 ex 的 审 美 不 过 那 时 候 我 还 是 高 中 生 [SEP] 耐 心 的 双 鱼 还 好 点 但 是 八 竿 子 打 不 出 来 一 句 话 那 就 悲 剧 了 [SEP]
INFO:tensorflow:input_ids: 101 4692 1168 2769 3198 671 2428 6574 4542 2769 9577 4638 2144 5401 679 6814 6929 3198 952 2769 6820 3221 7770 704 4495 102 5447 2552 4638 1352 7824 6820 1962 4157 852 3221 1061 5004 2094 2802 679 1139 3341 671 1368 6413 6929 2218 2650 1196 749 102
I1129 15:28:14.062750 139787587102528 classifier_utils.py:676] input_ids: 101 4692 1168 2769 3198 671 2428 6574 4542 2769 9577 4638 2144 5401 679 6814 6929 3198 952 2769 6820 3221 7770 704 4495 102 5447 2552 4638 1352 7824 6820 1962 4157 852 3221 1061 5004 2094 2802 679 1139 3341 671 1368 6413 6929 2218 2650 1196 749 102
INFO:tensorflow:input_mask: 1 1 1 1 1 1 1 1 1 1 1 1 1 1 1 1 1 1 1 1 1 1 1 1 1 1 1 1 1 1 1 1 1 1 1 1 1 1 1 1 1 1 1 1 1 1 1 1 1 1 1 1
I1129 15:28:14.062795 139787587102528 classifier_utils.py:677] input_mask: 1 1 1 1 1 1 1 1 1 1 1 1 1 1 1 1 1 1 1 1 1 1 1 1 1 1 1 1 1 1 1 1 1 1 1 1 1 1 1 1 1 1 1 1 1 1 1 1 1 1 1 1
INFO:tensorflow:segment_ids: 0 0 0 0 0 0 0 0 0 0 0 0 0 0 0 0 0 0 0 0 0 0 0 0 0 0 1 1 1 1 1 1 1 1 1 1 1 1 1 1 1 1 1 1 1 1 1 1 1 1 1 1
I1129 15:28:14.062839 139787587102528 classifier_utils.py:678] segment_ids: 0 0 0 0 0 0 0 0 0 0 0 0 0 0 0 0 0 0 0 0 0 0 0 0 0 0 1 1 1 1 1 1 1 1 1 1 1 1 1 1 1 1 1 1 1 1 1 1 1 1 1 1
INFO:tensorflow:label: 0 (id = 0)
I1129 15:28:14.062879 139787587102528 classifier_utils.py:679] label: 0 (id = 0)
INFO:tensorflow:*** Example ***
I1129 15:28:14.064590 139787587102528 classifier_utils.py:672] *** Example ***
INFO:tensorflow:guid: 1
I1129 15:28:14.064646 139787587102528 classifier_utils.py:673] guid: 1
INFO:tensorflow:tokens: [CLS] 她 看 到 我 时 一 度 质 疑 我 ex 的 审 美 不 过 那 时 候 我 还 是 高 中 生 [SEP] 我 也 搬 来 了 小 板 凳 〜 拍 巴 掌 欢 迎 小 走 老 师 给 我 们 上 课 〜 [SEP]
I1129 15:28:14.064698 139787587102528 classifier_utils.py:675] tokens: [CLS] 她 看 到 我 时 一 度 质 疑 我 ex 的 审 美 不 过 那 时 候 我 还 是 高 中 生 [SEP] 我 也 搬 来 了 小 板 凳 〜 拍 巴 掌 欢 迎 小 走 老 师 给 我 们 上 课 〜 [SEP]
INFO:tensorflow:input_ids: 101 1961 4692 1168 2769 3198 671 2428 6574 4542 2769 9577 4638 2144 5401 679 6814 6929 3198 952 2769 6820 3221 7770 704 4495 102 2769 738 3021 3341 749 2207 3352 1135 530 2864 2349 2958 3614 6816 2207 6624 5439 2360 5314 2769 812 677 6440 530 102
I1129 15:28:14.064746 139787587102528 classifier_utils.py:676] input_ids: 101 1961 4692 1168 2769 3198 671 2428 6574 4542 2769 9577 4638 2144 5401 679 6814 6929 3198 952 2769 6820 3221 7770 704 4495 102 2769 738 3021 3341 749 2207 3352 1135 530 2864 2349 2958 3614 6816 2207 6624 5439 2360 5314 2769 812 677 6440 530 102
INFO:tensorflow:input_mask: 1 1 1 1 1 1 1 1 1 1 1 1 1 1 1 1 1 1 1 1 1 1 1 1 1 1 1 1 1 1 1 1 1 1 1 1 1 1 1 1 1 1 1 1 1 1 1 1 1 1 1 1
I1129 15:28:14.064792 139787587102528 classifier_utils.py:677] input_mask: 1 1 1 1 1 1 1 1 1 1 1 1 1 1 1 1 1 1 1 1 1 1 1 1 1 1 1 1 1 1 1 1 1 1 1 1 1 1 1 1 1 1 1 1 1 1 1 1 1 1 1 1
INFO:tensorflow:segment_ids: 0 0 0 0 0 0 0 0 0 0 0 0 0 0 0 0 0 0 0 0 0 0 0 0 0 0 0 1 1 1 1 1 1 1 1 1 1 1 1 1 1 1 1 1 1 1 1 1 1 1 1 1
I1129 15:28:14.064835 139787587102528 classifier_utils.py:678] segment_ids: 0 0 0 0 0 0 0 0 0 0 0 0 0 0 0 0 0 0 0 0 0 0 0 0 0 0 0 1 1 1 1 1 1 1 1 1 1 1 1 1 1 1 1 1 1 1 1 1 1 1 1 1
INFO:tensorflow:label: 0 (id = 0)
I1129 15:28:14.064872 139787587102528 classifier_utils.py:679] label: 0 (id = 0)
INFO:tensorflow:*** Example ***
I1129 15:28:14.066493 139787587102528 classifier_utils.py:672] *** Example ***
INFO:tensorflow:guid: 2
I1129 15:28:14.066548 139787587102528 classifier_utils.py:673] guid: 2
INFO:tensorflow:tokens: [CLS] 的 情 人 啊 最 伤 自 尊 的 是 他 姐 姐 说 她 看 到 我 时 一 度 质 疑 我 ex 的 审 美 不 过 那 时 候 我 还 是 高 中 生 [SEP] 小 走 姐 姐 求 指 点 咬 手 绢 [SEP]
I1129 15:28:14.066599 139787587102528 classifier_utils.py:675] tokens: [CLS] 的 情 人 啊 最 伤 自 尊 的 是 他 姐 姐 说 她 看 到 我 时 一 度 质 疑 我 ex 的 审 美 不 过 那 时 候 我 还 是 高 中 生 [SEP] 小 走 姐 姐 求 指 点 咬 手 绢 [SEP]
INFO:tensorflow:input_ids: 101 4638 2658 782 1557 3297 839 5632 2203 4638 3221 800 1995 1995 6432 1961 4692 1168 2769 3198 671 2428 6574 4542 2769 9577 4638 2144 5401 679 6814 6929 3198 952 2769 6820 3221 7770 704 4495 102 2207 6624 1995 1995 3724 2900 4157 1490 2797 5322 102
I1129 15:28:14.066647 139787587102528 classifier_utils.py:676] input_ids: 101 4638 2658 782 1557 3297 839 5632 2203 4638 3221 800 1995 1995 6432 1961 4692 1168 2769 3198 671 2428 6574 4542 2769 9577 4638 2144 5401 679 6814 6929 3198 952 2769 6820 3221 7770 704 4495 102 2207 6624 1995 1995 3724 2900 4157 1490 2797 5322 102
INFO:tensorflow:input_mask: 1 1 1 1 1 1 1 1 1 1 1 1 1 1 1 1 1 1 1 1 1 1 1 1 1 1 1 1 1 1 1 1 1 1 1 1 1 1 1 1 1 1 1 1 1 1 1 1 1 1 1 1
I1129 15:28:14.066692 139787587102528 classifier_utils.py:677] input_mask: 1 1 1 1 1 1 1 1 1 1 1 1 1 1 1 1 1 1 1 1 1 1 1 1 1 1 1 1 1 1 1 1 1 1 1 1 1 1 1 1 1 1 1 1 1 1 1 1 1 1 1 1
INFO:tensorflow:segment_ids: 0 0 0 0 0 0 0 0 0 0 0 0 0 0 0 0 0 0 0 0 0 0 0 0 0 0 0 0 0 0 0 0 0 0 0 0 0 0 0 0 0 1 1 1 1 1 1 1 1 1 1 1
I1129 15:28:14.066735 139787587102528 classifier_utils.py:678] segment_ids: 0 0 0 0 0 0 0 0 0 0 0 0 0 0 0 0 0 0 0 0 0 0 0 0 0 0 0 0 0 0 0 0 0 0 0 0 0 0 0 0 0 1 1 1 1 1 1 1 1 1 1 1
INFO:tensorflow:label: 0 (id = 0)
I1129 15:28:14.066775 139787587102528 classifier_utils.py:679] label: 0 (id = 0)
INFO:tensorflow:*** Example ***
I1129 15:28:14.068538 139787587102528 classifier_utils.py:672] *** Example ***
INFO:tensorflow:guid: 3
I1129 15:28:14.068593 139787587102528 classifier_utils.py:673] guid: 3
INFO:tensorflow:tokens: [CLS] 我 还 是 高 中 生 [SEP] 大 师 看 来 姐 姐 教 我 们 反 思 修 行 不 只 针 对 自 己 的 ex 对 别 人 的 感 情 也 能 很 客 观 地 指 出 问 题 潜 心 修 行 真 的 [SEP]
I1129 15:28:14.068646 139787587102528 classifier_utils.py:675] tokens: [CLS] 我 还 是 高 中 生 [SEP] 大 师 看 来 姐 姐 教 我 们 反 思 修 行 不 只 针 对 自 己 的 ex 对 别 人 的 感 情 也 能 很 客 观 地 指 出 问 题 潜 心 修 行 真 的 [SEP]
INFO:tensorflow:input_ids: 101 2769 6820 3221 7770 704 4495 102 1920 2360 4692 3341 1995 1995 3136 2769 812 1353 2590 934 6121 679 1372 7151 2190 5632 2346 4638 9577 2190 1166 782 4638 2697 2658 738 5543 2523 2145 6225 1765 2900 1139 7309 7579 4052 2552 934 6121 4696 4638 102
I1129 15:28:14.068694 139787587102528 classifier_utils.py:676] input_ids: 101 2769 6820 3221 7770 704 4495 102 1920 2360 4692 3341 1995 1995 3136 2769 812 1353 2590 934 6121 679 1372 7151 2190 5632 2346 4638 9577 2190 1166 782 4638 2697 2658 738 5543 2523 2145 6225 1765 2900 1139 7309 7579 4052 2552 934 6121 4696 4638 102
INFO:tensorflow:input_mask: 1 1 1 1 1 1 1 1 1 1 1 1 1 1 1 1 1 1 1 1 1 1 1 1 1 1 1 1 1 1 1 1 1 1 1 1 1 1 1 1 1 1 1 1 1 1 1 1 1 1 1 1
I1129 15:28:14.068739 139787587102528 classifier_utils.py:677] input_mask: 1 1 1 1 1 1 1 1 1 1 1 1 1 1 1 1 1 1 1 1 1 1 1 1 1 1 1 1 1 1 1 1 1 1 1 1 1 1 1 1 1 1 1 1 1 1 1 1 1 1 1 1
INFO:tensorflow:segment_ids: 0 0 0 0 0 0 0 0 1 1 1 1 1 1 1 1 1 1 1 1 1 1 1 1 1 1 1 1 1 1 1 1 1 1 1 1 1 1 1 1 1 1 1 1 1 1 1 1 1 1 1 1
I1129 15:28:14.068782 139787587102528 classifier_utils.py:678] segment_ids: 0 0 0 0 0 0 0 0 1 1 1 1 1 1 1 1 1 1 1 1 1 1 1 1 1 1 1 1 1 1 1 1 1 1 1 1 1 1 1 1 1 1 1 1 1 1 1 1 1 1 1 1
INFO:tensorflow:label: 0 (id = 0)
I1129 15:28:14.068819 139787587102528 classifier_utils.py:679] label: 0 (id = 0)
INFO:tensorflow:*** Example ***
I1129 15:28:14.070504 139787587102528 classifier_utils.py:672] *** Example ***
INFO:tensorflow:guid: 4
I1129 15:28:14.070559 139787587102528 classifier_utils.py:673] guid: 4
INFO:tensorflow:tokens: [CLS] 姐 姐 说 她 看 到 我 时 一 度 质 疑 我 ex 的 审 美 不 过 那 时 候 我 还 是 高 中 生 [SEP] 小 走 姐 姐 给 我 们 分 析 分 析 吧 我 们 准 备 好 小 凳 子 啦 [SEP]
I1129 15:28:14.070611 139787587102528 classifier_utils.py:675] tokens: [CLS] 姐 姐 说 她 看 到 我 时 一 度 质 疑 我 ex 的 审 美 不 过 那 时 候 我 还 是 高 中 生 [SEP] 小 走 姐 姐 给 我 们 分 析 分 析 吧 我 们 准 备 好 小 凳 子 啦 [SEP]
INFO:tensorflow:input_ids: 101 1995 1995 6432 1961 4692 1168 2769 3198 671 2428 6574 4542 2769 9577 4638 2144 5401 679 6814 6929 3198 952 2769 6820 3221 7770 704 4495 102 2207 6624 1995 1995 5314 2769 812 1146 3358 1146 3358 1416 2769 812 1114 1906 1962 2207 1135 2094 1568 102
I1129 15:28:14.070659 139787587102528 classifier_utils.py:676] input_ids: 101 1995 1995 6432 1961 4692 1168 2769 3198 671 2428 6574 4542 2769 9577 4638 2144 5401 679 6814 6929 3198 952 2769 6820 3221 7770 704 4495 102 2207 6624 1995 1995 5314 2769 812 1146 3358 1146 3358 1416 2769 812 1114 1906 1962 2207 1135 2094 1568 102
INFO:tensorflow:input_mask: 1 1 1 1 1 1 1 1 1 1 1 1 1 1 1 1 1 1 1 1 1 1 1 1 1 1 1 1 1 1 1 1 1 1 1 1 1 1 1 1 1 1 1 1 1 1 1 1 1 1 1 1
I1129 15:28:14.070704 139787587102528 classifier_utils.py:677] input_mask: 1 1 1 1 1 1 1 1 1 1 1 1 1 1 1 1 1 1 1 1 1 1 1 1 1 1 1 1 1 1 1 1 1 1 1 1 1 1 1 1 1 1 1 1 1 1 1 1 1 1 1 1
INFO:tensorflow:segment_ids: 0 0 0 0 0 0 0 0 0 0 0 0 0 0 0 0 0 0 0 0 0 0 0 0 0 0 0 0 0 0 1 1 1 1 1 1 1 1 1 1 1 1 1 1 1 1 1 1 1 1 1 1
I1129 15:28:14.070747 139787587102528 classifier_utils.py:678] segment_ids: 0 0 0 0 0 0 0 0 0 0 0 0 0 0 0 0 0 0 0 0 0 0 0 0 0 0 0 0 0 0 1 1 1 1 1 1 1 1 1 1 1 1 1 1 1 1 1 1 1 1 1 1
INFO:tensorflow:label: 0 (id = 0)
I1129 15:28:14.070787 139787587102528 classifier_utils.py:679] label: 0 (id = 0)
INFO:tensorflow:Writing example 0 of 100
I1129 15:28:14.146640 139787587102528 classifier_utils.py:698] Writing example 0 of 100
INFO:tensorflow:*** Example ***
I1129 15:28:14.148285 139787587102528 classifier_utils.py:672] *** Example ***
INFO:tensorflow:guid: 0
I1129 15:28:14.148340 139787587102528 classifier_utils.py:673] guid: 0
INFO:tensorflow:tokens: [CLS] 看 到 我 时 一 度 质 疑 我 ex 的 审 美 不 过 那 时 候 我 还 是 高 中 生 [SEP] 耐 心 的 双 鱼 还 好 点 但 是 八 竿 子 打 不 出 来 一 句 话 那 就 悲 剧 了 [SEP]
I1129 15:28:14.148392 139787587102528 classifier_utils.py:675] tokens: [CLS] 看 到 我 时 一 度 质 疑 我 ex 的 审 美 不 过 那 时 候 我 还 是 高 中 生 [SEP] 耐 心 的 双 鱼 还 好 点 但 是 八 竿 子 打 不 出 来 一 句 话 那 就 悲 剧 了 [SEP]
INFO:tensorflow:input_ids: 101 4692 1168 2769 3198 671 2428 6574 4542 2769 9577 4638 2144 5401 679 6814 6929 3198 952 2769 6820 3221 7770 704 4495 102 5447 2552 4638 1352 7824 6820 1962 4157 852 3221 1061 5004 2094 2802 679 1139 3341 671 1368 6413 6929 2218 2650 1196 749 102
I1129 15:28:14.148440 139787587102528 classifier_utils.py:676] input_ids: 101 4692 1168 2769 3198 671 2428 6574 4542 2769 9577 4638 2144 5401 679 6814 6929 3198 952 2769 6820 3221 7770 704 4495 102 5447 2552 4638 1352 7824 6820 1962 4157 852 3221 1061 5004 2094 2802 679 1139 3341 671 1368 6413 6929 2218 2650 1196 749 102
INFO:tensorflow:input_mask: 1 1 1 1 1 1 1 1 1 1 1 1 1 1 1 1 1 1 1 1 1 1 1 1 1 1 1 1 1 1 1 1 1 1 1 1 1 1 1 1 1 1 1 1 1 1 1 1 1 1 1 1
I1129 15:28:14.148485 139787587102528 classifier_utils.py:677] input_mask: 1 1 1 1 1 1 1 1 1 1 1 1 1 1 1 1 1 1 1 1 1 1 1 1 1 1 1 1 1 1 1 1 1 1 1 1 1 1 1 1 1 1 1 1 1 1 1 1 1 1 1 1
INFO:tensorflow:segment_ids: 0 0 0 0 0 0 0 0 0 0 0 0 0 0 0 0 0 0 0 0 0 0 0 0 0 0 1 1 1 1 1 1 1 1 1 1 1 1 1 1 1 1 1 1 1 1 1 1 1 1 1 1
I1129 15:28:14.148529 139787587102528 classifier_utils.py:678] segment_ids: 0 0 0 0 0 0 0 0 0 0 0 0 0 0 0 0 0 0 0 0 0 0 0 0 0 0 1 1 1 1 1 1 1 1 1 1 1 1 1 1 1 1 1 1 1 1 1 1 1 1 1 1
INFO:tensorflow:label: 0 (id = 0)
I1129 15:28:14.148566 139787587102528 classifier_utils.py:679] label: 0 (id = 0)
INFO:tensorflow:*** Example ***
I1129 15:28:14.150253 139787587102528 classifier_utils.py:672] *** Example ***
INFO:tensorflow:guid: 1
I1129 15:28:14.150306 139787587102528 classifier_utils.py:673] guid: 1
INFO:tensorflow:tokens: [CLS] 她 看 到 我 时 一 度 质 疑 我 ex 的 审 美 不 过 那 时 候 我 还 是 高 中 生 [SEP] 我 也 搬 来 了 小 板 凳 〜 拍 巴 掌 欢 迎 小 走 老 师 给 我 们 上 课 〜 [SEP]
I1129 15:28:14.150358 139787587102528 classifier_utils.py:675] tokens: [CLS] 她 看 到 我 时 一 度 质 疑 我 ex 的 审 美 不 过 那 时 候 我 还 是 高 中 生 [SEP] 我 也 搬 来 了 小 板 凳 〜 拍 巴 掌 欢 迎 小 走 老 师 给 我 们 上 课 〜 [SEP]
INFO:tensorflow:input_ids: 101 1961 4692 1168 2769 3198 671 2428 6574 4542 2769 9577 4638 2144 5401 679 6814 6929 3198 952 2769 6820 3221 7770 704 4495 102 2769 738 3021 3341 749 2207 3352 1135 530 2864 2349 2958 3614 6816 2207 6624 5439 2360 5314 2769 812 677 6440 530 102
I1129 15:28:14.150406 139787587102528 classifier_utils.py:676] input_ids: 101 1961 4692 1168 2769 3198 671 2428 6574 4542 2769 9577 4638 2144 5401 679 6814 6929 3198 952 2769 6820 3221 7770 704 4495 102 2769 738 3021 3341 749 2207 3352 1135 530 2864 2349 2958 3614 6816 2207 6624 5439 2360 5314 2769 812 677 6440 530 102
INFO:tensorflow:input_mask: 1 1 1 1 1 1 1 1 1 1 1 1 1 1 1 1 1 1 1 1 1 1 1 1 1 1 1 1 1 1 1 1 1 1 1 1 1 1 1 1 1 1 1 1 1 1 1 1 1 1 1 1
I1129 15:28:14.150451 139787587102528 classifier_utils.py:677] input_mask: 1 1 1 1 1 1 1 1 1 1 1 1 1 1 1 1 1 1 1 1 1 1 1 1 1 1 1 1 1 1 1 1 1 1 1 1 1 1 1 1 1 1 1 1 1 1 1 1 1 1 1 1
INFO:tensorflow:segment_ids: 0 0 0 0 0 0 0 0 0 0 0 0 0 0 0 0 0 0 0 0 0 0 0 0 0 0 0 1 1 1 1 1 1 1 1 1 1 1 1 1 1 1 1 1 1 1 1 1 1 1 1 1
I1129 15:28:14.150498 139787587102528 classifier_utils.py:678] segment_ids: 0 0 0 0 0 0 0 0 0 0 0 0 0 0 0 0 0 0 0 0 0 0 0 0 0 0 0 1 1 1 1 1 1 1 1 1 1 1 1 1 1 1 1 1 1 1 1 1 1 1 1 1
INFO:tensorflow:label: 0 (id = 0)
I1129 15:28:14.150536 139787587102528 classifier_utils.py:679] label: 0 (id = 0)
INFO:tensorflow:*** Example ***
I1129 15:28:14.152179 139787587102528 classifier_utils.py:672] *** Example ***
INFO:tensorflow:guid: 2
I1129 15:28:14.152233 139787587102528 classifier_utils.py:673] guid: 2
INFO:tensorflow:tokens: [CLS] 的 情 人 啊 最 伤 自 尊 的 是 他 姐 姐 说 她 看 到 我 时 一 度 质 疑 我 ex 的 审 美 不 过 那 时 候 我 还 是 高 中 生 [SEP] 小 走 姐 姐 求 指 点 咬 手 绢 [SEP]
I1129 15:28:14.152284 139787587102528 classifier_utils.py:675] tokens: [CLS] 的 情 人 啊 最 伤 自 尊 的 是 他 姐 姐 说 她 看 到 我 时 一 度 质 疑 我 ex 的 审 美 不 过 那 时 候 我 还 是 高 中 生 [SEP] 小 走 姐 姐 求 指 点 咬 手 绢 [SEP]
INFO:tensorflow:input_ids: 101 4638 2658 782 1557 3297 839 5632 2203 4638 3221 800 1995 1995 6432 1961 4692 1168 2769 3198 671 2428 6574 4542 2769 9577 4638 2144 5401 679 6814 6929 3198 952 2769 6820 3221 7770 704 4495 102 2207 6624 1995 1995 3724 2900 4157 1490 2797 5322 102
I1129 15:28:14.152333 139787587102528 classifier_utils.py:676] input_ids: 101 4638 2658 782 1557 3297 839 5632 2203 4638 3221 800 1995 1995 6432 1961 4692 1168 2769 3198 671 2428 6574 4542 2769 9577 4638 2144 5401 679 6814 6929 3198 952 2769 6820 3221 7770 704 4495 102 2207 6624 1995 1995 3724 2900 4157 1490 2797 5322 102
INFO:tensorflow:input_mask: 1 1 1 1 1 1 1 1 1 1 1 1 1 1 1 1 1 1 1 1 1 1 1 1 1 1 1 1 1 1 1 1 1 1 1 1 1 1 1 1 1 1 1 1 1 1 1 1 1 1 1 1
I1129 15:28:14.152378 139787587102528 classifier_utils.py:677] input_mask: 1 1 1 1 1 1 1 1 1 1 1 1 1 1 1 1 1 1 1 1 1 1 1 1 1 1 1 1 1 1 1 1 1 1 1 1 1 1 1 1 1 1 1 1 1 1 1 1 1 1 1 1
INFO:tensorflow:segment_ids: 0 0 0 0 0 0 0 0 0 0 0 0 0 0 0 0 0 0 0 0 0 0 0 0 0 0 0 0 0 0 0 0 0 0 0 0 0 0 0 0 0 1 1 1 1 1 1 1 1 1 1 1
I1129 15:28:14.152422 139787587102528 classifier_utils.py:678] segment_ids: 0 0 0 0 0 0 0 0 0 0 0 0 0 0 0 0 0 0 0 0 0 0 0 0 0 0 0 0 0 0 0 0 0 0 0 0 0 0 0 0 0 1 1 1 1 1 1 1 1 1 1 1
INFO:tensorflow:label: 0 (id = 0)
I1129 15:28:14.152458 139787587102528 classifier_utils.py:679] label: 0 (id = 0)
INFO:tensorflow:*** Example ***
I1129 15:28:14.154230 139787587102528 classifier_utils.py:672] *** Example ***
INFO:tensorflow:guid: 3
I1129 15:28:14.154287 139787587102528 classifier_utils.py:673] guid: 3
INFO:tensorflow:tokens: [CLS] 我 还 是 高 中 生 [SEP] 大 师 看 来 姐 姐 教 我 们 反 思 修 行 不 只 针 对 自 己 的 ex 对 别 人 的 感 情 也 能 很 客 观 地 指 出 问 题 潜 心 修 行 真 的 [SEP]
I1129 15:28:14.154342 139787587102528 classifier_utils.py:675] tokens: [CLS] 我 还 是 高 中 生 [SEP] 大 师 看 来 姐 姐 教 我 们 反 思 修 行 不 只 针 对 自 己 的 ex 对 别 人 的 感 情 也 能 很 客 观 地 指 出 问 题 潜 心 修 行 真 的 [SEP]
INFO:tensorflow:input_ids: 101 2769 6820 3221 7770 704 4495 102 1920 2360 4692 3341 1995 1995 3136 2769 812 1353 2590 934 6121 679 1372 7151 2190 5632 2346 4638 9577 2190 1166 782 4638 2697 2658 738 5543 2523 2145 6225 1765 2900 1139 7309 7579 4052 2552 934 6121 4696 4638 102
I1129 15:28:14.154391 139787587102528 classifier_utils.py:676] input_ids: 101 2769 6820 3221 7770 704 4495 102 1920 2360 4692 3341 1995 1995 3136 2769 812 1353 2590 934 6121 679 1372 7151 2190 5632 2346 4638 9577 2190 1166 782 4638 2697 2658 738 5543 2523 2145 6225 1765 2900 1139 7309 7579 4052 2552 934 6121 4696 4638 102
INFO:tensorflow:input_mask: 1 1 1 1 1 1 1 1 1 1 1 1 1 1 1 1 1 1 1 1 1 1 1 1 1 1 1 1 1 1 1 1 1 1 1 1 1 1 1 1 1 1 1 1 1 1 1 1 1 1 1 1
I1129 15:28:14.154437 139787587102528 classifier_utils.py:677] input_mask: 1 1 1 1 1 1 1 1 1 1 1 1 1 1 1 1 1 1 1 1 1 1 1 1 1 1 1 1 1 1 1 1 1 1 1 1 1 1 1 1 1 1 1 1 1 1 1 1 1 1 1 1
INFO:tensorflow:segment_ids: 0 0 0 0 0 0 0 0 1 1 1 1 1 1 1 1 1 1 1 1 1 1 1 1 1 1 1 1 1 1 1 1 1 1 1 1 1 1 1 1 1 1 1 1 1 1 1 1 1 1 1 1
I1129 15:28:14.154483 139787587102528 classifier_utils.py:678] segment_ids: 0 0 0 0 0 0 0 0 1 1 1 1 1 1 1 1 1 1 1 1 1 1 1 1 1 1 1 1 1 1 1 1 1 1 1 1 1 1 1 1 1 1 1 1 1 1 1 1 1 1 1 1
INFO:tensorflow:label: 0 (id = 0)
I1129 15:28:14.154521 139787587102528 classifier_utils.py:679] label: 0 (id = 0)
INFO:tensorflow:*** Example ***
I1129 15:28:14.156203 139787587102528 classifier_utils.py:672] *** Example ***
INFO:tensorflow:guid: 4
I1129 15:28:14.156257 139787587102528 classifier_utils.py:673] guid: 4
INFO:tensorflow:tokens: [CLS] 姐 姐 说 她 看 到 我 时 一 度 质 疑 我 ex 的 审 美 不 过 那 时 候 我 还 是 高 中 生 [SEP] 小 走 姐 姐 给 我 们 分 析 分 析 吧 我 们 准 备 好 小 凳 子 啦 [SEP]
I1129 15:28:14.156308 139787587102528 classifier_utils.py:675] tokens: [CLS] 姐 姐 说 她 看 到 我 时 一 度 质 疑 我 ex 的 审 美 不 过 那 时 候 我 还 是 高 中 生 [SEP] 小 走 姐 姐 给 我 们 分 析 分 析 吧 我 们 准 备 好 小 凳 子 啦 [SEP]
INFO:tensorflow:input_ids: 101 1995 1995 6432 1961 4692 1168 2769 3198 671 2428 6574 4542 2769 9577 4638 2144 5401 679 6814 6929 3198 952 2769 6820 3221 7770 704 4495 102 2207 6624 1995 1995 5314 2769 812 1146 3358 1146 3358 1416 2769 812 1114 1906 1962 2207 1135 2094 1568 102
I1129 15:28:14.156357 139787587102528 classifier_utils.py:676] input_ids: 101 1995 1995 6432 1961 4692 1168 2769 3198 671 2428 6574 4542 2769 9577 4638 2144 5401 679 6814 6929 3198 952 2769 6820 3221 7770 704 4495 102 2207 6624 1995 1995 5314 2769 812 1146 3358 1146 3358 1416 2769 812 1114 1906 1962 2207 1135 2094 1568 102
INFO:tensorflow:input_mask: 1 1 1 1 1 1 1 1 1 1 1 1 1 1 1 1 1 1 1 1 1 1 1 1 1 1 1 1 1 1 1 1 1 1 1 1 1 1 1 1 1 1 1 1 1 1 1 1 1 1 1 1
I1129 15:28:14.156402 139787587102528 classifier_utils.py:677] input_mask: 1 1 1 1 1 1 1 1 1 1 1 1 1 1 1 1 1 1 1 1 1 1 1 1 1 1 1 1 1 1 1 1 1 1 1 1 1 1 1 1 1 1 1 1 1 1 1 1 1 1 1 1
INFO:tensorflow:segment_ids: 0 0 0 0 0 0 0 0 0 0 0 0 0 0 0 0 0 0 0 0 0 0 0 0 0 0 0 0 0 0 1 1 1 1 1 1 1 1 1 1 1 1 1 1 1 1 1 1 1 1 1 1
I1129 15:28:14.156445 139787587102528 classifier_utils.py:678] segment_ids: 0 0 0 0 0 0 0 0 0 0 0 0 0 0 0 0 0 0 0 0 0 0 0 0 0 0 0 0 0 0 1 1 1 1 1 1 1 1 1 1 1 1 1 1 1 1 1 1 1 1 1 1
INFO:tensorflow:label: 0 (id = 0)
I1129 15:28:14.156482 139787587102528 classifier_utils.py:679] label: 0 (id = 0)
prepare done .......
